
Showing logs for build [32mcb-kubecd-environment-pr-165-14-bplqk-1[0m stage [32mfrom-build-pack[0m and container [32mstep-credential-initializer-8hfsb[0m
{"level":"warn","ts":1582597845.6997955,"logger":"fallback-logger","caller":"logging/config.go:69","msg":"Fetch GitHub commit ID from kodata failed: \"ref: refs/heads/0.8.0-**-support-backwards-incompats\" is not a valid GitHub commit ID"}
{"level":"info","ts":1582597845.7004464,"logger":"fallback-logger","caller":"creds-init/main.go:40","msg":"Credentials initialized."}

Showing logs for build [32mcb-kubecd-environment-pr-165-14-bplqk-1[0m stage [32mfrom-build-pack[0m and container [32mstep-working-dir-initializer-m28st[0m
{"level":"warn","ts":1582597846.6362925,"logger":"fallback-logger","caller":"logging/config.go:69","msg":"Fetch GitHub commit ID from kodata failed: open /var/run/ko/HEAD: no such file or directory"}
{"level":"info","ts":1582597846.6379826,"logger":"fallback-logger","caller":"bash/main.go:64","msg":"Successfully executed command \"sh -c mkdir -p /workspace/source\"; output "}

Showing logs for build [32mcb-kubecd-environment-pr-165-14-bplqk-1[0m stage [32mfrom-build-pack[0m and container [32mstep-place-tools[0m

Showing logs for build [32mcb-kubecd-environment-pr-165-14-bplqk-1[0m stage [32mfrom-build-pack[0m and container [32mstep-git-source-cb-kubecd-environment-pr-165-14-bplqk-48fm6[0m
{"level":"warn","ts":1582597874.7687616,"logger":"fallback-logger","caller":"logging/config.go:69","msg":"Fetch GitHub commit ID from kodata failed: \"ref: refs/heads/0.8.0-**-support-backwards-incompats\" is not a valid GitHub commit ID"}
{"level":"info","ts":1582597875.8337877,"logger":"fallback-logger","caller":"git/git.go:103","msg":"Successfully cloned https://github.com/cb-kubecd/environment-pr-165-146-boot-gke-staging.git @ master in path /workspace/source"}

Showing logs for build [32mcb-kubecd-environment-pr-165-14-bplqk-1[0m stage [32mfrom-build-pack[0m and container [32mstep-git-merge[0m
Using SHAs from PULL_REFS=master:dcbf86705d24f08029fb118adf80afcf612c6ad8,1:0c0be9720919e6f1c70435ddaf7bf4ec5c70e3ce
DEBUG: LC_ALL=C JX_LOG_LEVEL=error git fetch origin --unshallow 0c0be9720919e6f1c70435ddaf7bf4ec5c70e3ce: dcbf86705d24f08029fb118adf80afcf612c6ad8:
DEBUG: ran git fetch --unshallow origin 0c0be9720919e6f1c70435ddaf7bf4ec5c70e3ce: dcbf86705d24f08029fb118adf80afcf612c6ad8: in 
DEBUG: LC_ALL=C JX_LOG_LEVEL=error git branch
DEBUG: JX_LOG_LEVEL=error LC_ALL=C git checkout master
DEBUG: ran git checkout master in 
DEBUG: LC_ALL=C JX_LOG_LEVEL=error git reset --hard dcbf86705d24f08029fb118adf80afcf612c6ad8
DEBUG: ran git reset --hard dcbf86705d24f08029fb118adf80afcf612c6ad8 in 
DEBUG: LC_ALL=C JX_LOG_LEVEL=error git clean -fd .
DEBUG: ran clean --force -d . in 
DEBUG: LC_ALL=C JX_LOG_LEVEL=error git merge 0c0be9720919e6f1c70435ddaf7bf4ec5c70e3ce
DEBUG: ran git merge 0c0be9720919e6f1c70435ddaf7bf4ec5c70e3ce in 
DEBUG: LC_ALL=C JX_LOG_LEVEL=error git log --format=%H%x1f%an%x1f%ae%x1f%cn%x1f%ce%x1f%s%n%b%x1e dcbf86705d24f08029fb118adf80afcf612c6ad8..HEAD
Merged SHA 0c0be9720919e6f1c70435ddaf7bf4ec5c70e3ce with commit message 'chore: Promote bdd-spring-1582597506 to version 0.0.1' into base branch master

Showing logs for build [32mcb-kubecd-environment-pr-165-14-bplqk-1[0m stage [32mfrom-build-pack[0m and container [32mstep-build-helm-build[0m
WARNING: No $CHART_REPOSITORY defined so using the default value of: http://jenkins-x-chartmuseum:8080
Adding missing Helm repo: storage.googleapis.com https://storage.googleapis.com/chartmuseum.jenkins-x.io
WARNING: No secrets found on "helm/repos" due: reading the secret "helm/repos" from vault: no secret "helm/repos" not found in vault
Read credentials for https://storage.googleapis.com/chartmuseum.jenkins-x.io from vault helm/repos
Successfully added Helm repository storage.googleapis.com.
Adding missing Helm repo: jenkins-x-chartmuseum http://jenkins-x-chartmuseum:8080
WARNING: No secrets found on "helm/repos" due: reading the secret "helm/repos" from vault: no secret "helm/repos" not found in vault
Read credentials for http://jenkins-x-chartmuseum:8080 from vault helm/repos
Successfully added Helm repository jenkins-x-chartmuseum.
WARNING: No $CHART_REPOSITORY defined so using the default value of: http://jenkins-x-chartmuseum:8080
Adding missing Helm repo: chartmuseum.jenkins-x.io http://chartmuseum.jenkins-x.io
WARNING: No secrets found on "helm/repos" due: reading the secret "helm/repos" from vault: no secret "helm/repos" not found in vault
Read credentials for http://chartmuseum.jenkins-x.io from vault helm/repos
Successfully added Helm repository chartmuseum.jenkins-x.io.
